[16:27:09] [Server thread/INFO]: Starting minecraft server version 1.8.8
[16:27:09] [Server thread/INFO]: Loading properties
[16:27:09] [Server thread/INFO]: Default game type: SURVIVAL
[16:27:10] [Server thread/INFO]: This server is running CraftBukkit version git-PaperSpigot-445 (MC: 1.8.8) (Implementing API version 1.8.8-R0.1-SNAPSHOT)
[16:27:10] [Server thread/INFO]: Debug logging is disabled
[16:27:10] [Server thread/INFO]: Spigot Timings: true - Verbose: true - Interval: 5m - Length: 60m
[16:27:10] [Server thread/INFO]: Server Ping Player Sample Count: 12

[16:27:10] [Server thread/INFO]: Using 4 threads for Netty based IO
[16:27:10] [Server thread/INFO]: Data value allowed items: 
[16:27:10] [Server thread/WARN]: java.lang.NoSuchFieldException: modifiers

[16:27:10] [Server thread/WARN]: 	at java.base/java.lang.Class.getDeclaredField(Class.java:2782)

[16:27:10] [Server thread/WARN]: 	at org.github.paperspigot.PaperSpigotConfig.stackableBuckets(PaperSpigotConfig.java:192)

[16:27:10] [Server thread/WARN]: 	at java.base/jdk.internal.reflect.DirectMethodHandleAccessor.invoke(DirectMethodHandleAccessor.java:103)

[16:27:10] [Server thread/WARN]: 	at java.base/java.lang.reflect.Method.invoke(Method.java:580)

[16:27:10] [Server thread/WARN]: 	at org.github.paperspigot.PaperSpigotConfig.readConfig(PaperSpigotConfig.java:84)

[16:27:10] [Server thread/WARN]: 	at org.github.paperspigot.PaperSpigotConfig.init(PaperSpigotConfig.java:62)

[16:27:10] [Server thread/WARN]: 	at net.minecraft.server.v1_8_R3.DedicatedServer.init(DedicatedServer.java:181)

[16:27:10] [Server thread/WARN]: 	at net.minecraft.server.v1_8_R3.MinecraftServer.run(MinecraftServer.java:563)

[16:27:10] [Server thread/WARN]: 	at java.base/java.lang.Thread.run(Thread.java:1583)

[16:27:10] [Server thread/INFO]: Generating keypair
[16:27:10] [Server thread/INFO]: Starting Minecraft server on localhost:25565
[16:27:10] [Server thread/INFO]: Your platform does not provide complete low-level API for accessing direct buffers reliably. Unless explicitly requested, heap buffer will always be preferred to avoid potential system unstability.
[16:27:11] [Server thread/INFO]: Using default channel type
[16:27:11] [Server thread/INFO]: Set PluginClassLoader as parallel capable
[16:27:11] [Server thread/ERROR]: Could not load 'plugins/SaberFactions (1).jar' in folder 'plugins'
org.bukkit.plugin.UnknownDependencyException: Vault
	at org.bukkit.plugin.SimplePluginManager.loadPlugins(SimplePluginManager.java:222) ~[patched_1.8.8.jar:git-PaperSpigot-445]
	at org.bukkit.craftbukkit.v1_8_R3.CraftServer.loadPlugins(CraftServer.java:293) ~[patched_1.8.8.jar:git-PaperSpigot-445]
	at net.minecraft.server.v1_8_R3.DedicatedServer.init(DedicatedServer.java:202) ~[patched_1.8.8.jar:git-PaperSpigot-445]
	at net.minecraft.server.v1_8_R3.MinecraftServer.run(MinecraftServer.java:563) ~[patched_1.8.8.jar:git-PaperSpigot-445]
	at java.lang.Thread.run(Thread.java:1583) [?:?]
[16:27:11] [Server thread/ERROR]: Could not load 'plugins/EssentialsXSpawn-2.21.0.jar' in folder 'plugins'
org.bukkit.plugin.InvalidPluginException: java.lang.NoClassDefFoundError: net/ess3/provider/LoggerProvider
	at org.bukkit.plugin.java.JavaPluginLoader.loadPlugin(JavaPluginLoader.java:133) ~[patched_1.8.8.jar:git-PaperSpigot-445]
	at org.bukkit.plugin.SimplePluginManager.loadPlugin(SimplePluginManager.java:331) ~[patched_1.8.8.jar:git-PaperSpigot-445]
	at org.bukkit.plugin.SimplePluginManager.loadPlugins(SimplePluginManager.java:254) ~[patched_1.8.8.jar:git-PaperSpigot-445]
	at org.bukkit.craftbukkit.v1_8_R3.CraftServer.loadPlugins(CraftServer.java:293) ~[patched_1.8.8.jar:git-PaperSpigot-445]
	at net.minecraft.server.v1_8_R3.DedicatedServer.init(DedicatedServer.java:202) ~[patched_1.8.8.jar:git-PaperSpigot-445]
	at net.minecraft.server.v1_8_R3.MinecraftServer.run(MinecraftServer.java:563) ~[patched_1.8.8.jar:git-PaperSpigot-445]
	at java.lang.Thread.run(Thread.java:1583) [?:?]
Caused by: java.lang.NoClassDefFoundError: net/ess3/provider/LoggerProvider
	at java.lang.Class.forName0(Native Method) ~[?:?]
	at java.lang.Class.forName(Class.java:534) ~[?:?]
	at java.lang.Class.forName(Class.java:513) ~[?:?]
	at org.bukkit.plugin.java.PluginClassLoader.<init>(PluginClassLoader.java:65) ~[patched_1.8.8.jar:git-PaperSpigot-445]
	at org.bukkit.plugin.java.JavaPluginLoader.loadPlugin(JavaPluginLoader.java:129) ~[patched_1.8.8.jar:git-PaperSpigot-445]
	... 6 more
Caused by: java.lang.ClassNotFoundException: net.ess3.provider.LoggerProvider
	at java.net.URLClassLoader.findClass(URLClassLoader.java:445) ~[?:?]
	at org.bukkit.plugin.java.PluginClassLoader.findClass(PluginClassLoader.java:102) ~[patched_1.8.8.jar:git-PaperSpigot-445]
	at org.bukkit.plugin.java.PluginClassLoader.findClass(PluginClassLoader.java:87) ~[patched_1.8.8.jar:git-PaperSpigot-445]
	at java.lang.ClassLoader.loadClass(ClassLoader.java:593) ~[?:?]
	at java.lang.ClassLoader.loadClass(ClassLoader.java:526) ~[?:?]
	at java.lang.Class.forName0(Native Method) ~[?:?]
	at java.lang.Class.forName(Class.java:534) ~[?:?]
	at java.lang.Class.forName(Class.java:513) ~[?:?]
	at org.bukkit.plugin.java.PluginClassLoader.<init>(PluginClassLoader.java:65) ~[patched_1.8.8.jar:git-PaperSpigot-445]
	at org.bukkit.plugin.java.JavaPluginLoader.loadPlugin(JavaPluginLoader.java:129) ~[patched_1.8.8.jar:git-PaperSpigot-445]
	... 6 more
[16:27:11] [Server thread/INFO]: [SimpleTpa] Loading SimpleTpa v6.4
[16:27:11] [Server thread/INFO]: [SimpleHomes] Loading SimpleHomes v2.2
[16:27:11] [Server thread/INFO]: [WorldEdit] Loading WorldEdit v6.1;no_git_id
[16:27:11] [Server thread/INFO]: [MClans] Loading MClans v1.0.1
[16:27:11] [Server thread/INFO]: [Essentials] Loading Essentials v2.0.1-b276
[16:27:11] [Server thread/INFO]: [LoginSecurity] Loading LoginSecurity v3.2.0
[16:27:11] [Server thread/INFO]: [WorldGuard] Loading WorldGuard v6.1.3-SNAPSHOT;c904242
[16:27:11] [Server thread/WARN]: **** SERVER IS RUNNING IN OFFLINE/INSECURE MODE!
[16:27:11] [Server thread/WARN]: The server will make no attempt to authenticate usernames. Beware.
[16:27:11] [Server thread/WARN]: Whilst this makes it possible to use BungeeCord, unless access to your server is properly restricted, it also opens up the ability for hackers to connect with any username they choose.
[16:27:11] [Server thread/WARN]: Please see http://www.spigotmc.org/wiki/firewall-guide/ for further information.
[16:27:11] [Server thread/WARN]: To change this, set "online-mode" to "true" in the server.properties file.
[16:27:11] [Server thread/INFO]: **** Beginning UUID conversion, this may take A LONG time ****
[16:27:11] [Server thread/INFO]: Preparing level "world"
[16:27:11] [Server thread/INFO]: -------- World Settings For [world] --------
[16:27:11] [Server thread/INFO]: Mob Spawn Range: 4
[16:27:11] [Server thread/INFO]: Nerfing mobs spawned from spawners: false
[16:27:11] [Server thread/INFO]: Anti X-Ray: true
[16:27:11] [Server thread/INFO]: 	Engine Mode: 1
[16:27:11] [Server thread/INFO]: 	Hidden Blocks: [14, 15, 16, 21, 48, 49, 54, 56, 73, 74, 82, 129, 130]
[16:27:11] [Server thread/INFO]: 	Replace Blocks: [1, 5]
[16:27:11] [Server thread/INFO]: Cactus Growth Modifier: 100%
[16:27:11] [Server thread/INFO]: Cane Growth Modifier: 100%
[16:27:11] [Server thread/INFO]: Melon Growth Modifier: 100%
[16:27:11] [Server thread/INFO]: Mushroom Growth Modifier: 100%
[16:27:11] [Server thread/INFO]: Pumpkin Growth Modifier: 100%
[16:27:11] [Server thread/INFO]: Sapling Growth Modifier: 100%
[16:27:11] [Server thread/INFO]: Wheat Growth Modifier: 100%
[16:27:11] [Server thread/INFO]: NetherWart Growth Modifier: 100%
[16:27:11] [Server thread/INFO]: Entity Activation Range: An 32 / Mo 32 / Mi 16
[16:27:11] [Server thread/INFO]: Entity Tracking Range: Pl 48 / An 48 / Mo 48 / Mi 32 / Other 64
[16:27:11] [Server thread/INFO]: Hopper Transfer: 8 Hopper Check: 8 Hopper Amount: 1
[16:27:11] [Server thread/INFO]: Random Lighting Updates: false
[16:27:11] [Server thread/INFO]: Structure Info Saving: true
[16:27:11] [Server thread/INFO]: Sending up to 10 chunks per packet
[16:27:11] [Server thread/INFO]: Max Entity Collisions: 8
[16:27:11] [Server thread/INFO]: Custom Map Seeds:  Village: 10387312 Feature: 14357617
[16:27:11] [Server thread/INFO]: Max TNT Explosions: 100
[16:27:11] [Server thread/INFO]: Tile Max Tick Time: 50ms Entity max Tick Time: 50ms
[16:27:11] [Server thread/INFO]: Item Despawn Rate: 6000
[16:27:11] [Server thread/INFO]: Item Merge Radius: 2.5
[16:27:11] [Server thread/INFO]: Arrow Despawn Rate: 1200
[16:27:11] [Server thread/INFO]: Allow Zombie Pigmen to spawn from portal blocks: true
[16:27:11] [Server thread/INFO]: Zombie Aggressive Towards Villager: true
[16:27:11] [Server thread/INFO]: View Distance: 4
[16:27:11] [Server thread/INFO]: Chunks to Grow per Tick: 650
[16:27:11] [Server thread/INFO]: Clear tick list: false
[16:27:11] [Server thread/INFO]: Experience Merge Radius: 3.0
[16:27:11] [Server thread/INFO]: -------- World Settings For [world] --------
[16:27:11] [Server thread/INFO]: Squids will spawn between Y: 45.0 and Y: 63.0
[16:27:11] [Server thread/INFO]: Max height for cactus growth 3. Max height for reed growth 3
[16:27:11] [Server thread/INFO]: Living Entity Despawn Ranges:  Soft: 32 Hard: 128
[16:27:11] [Server thread/INFO]: Remove invalid mob spawner tile entities: true
[16:27:11] [Server thread/INFO]: Player blocking damage multiplier set to 0.5
[16:27:11] [Server thread/INFO]: Water over lava flow speed: 5
[16:27:11] [Server thread/INFO]: Fix TNT cannons: false
[16:27:11] [Server thread/INFO]: Allow undead horse types to be leashed: false
[16:27:11] [Server thread/INFO]: Keep spawn chunk loaded: true
[16:27:11] [Server thread/INFO]: World async lighting: false
[16:27:11] [Server thread/INFO]: WorldServer TickNextTick cap set at 10000
[16:27:11] [Server thread/INFO]: WorldServer TickNextTickList cap always processes redstone: false
[16:27:12] [Server thread/INFO]: -------- World Settings For [world_nether] --------
[16:27:12] [Server thread/INFO]: Mob Spawn Range: 4
[16:27:12] [Server thread/INFO]: Nerfing mobs spawned from spawners: false
[16:27:12] [Server thread/INFO]: Anti X-Ray: true
[16:27:12] [Server thread/INFO]: 	Engine Mode: 1
[16:27:12] [Server thread/INFO]: 	Hidden Blocks: [14, 15, 16, 21, 48, 49, 54, 56, 73, 74, 82, 129, 130]
[16:27:12] [Server thread/INFO]: 	Replace Blocks: [1, 5]
[16:27:12] [Server thread/INFO]: Cactus Growth Modifier: 100%
[16:27:12] [Server thread/INFO]: Cane Growth Modifier: 100%
[16:27:12] [Server thread/INFO]: Melon Growth Modifier: 100%
[16:27:12] [Server thread/INFO]: Mushroom Growth Modifier: 100%
[16:27:12] [Server thread/INFO]: Pumpkin Growth Modifier: 100%
[16:27:12] [Server thread/INFO]: Sapling Growth Modifier: 100%
[16:27:12] [Server thread/INFO]: Wheat Growth Modifier: 100%
[16:27:12] [Server thread/INFO]: NetherWart Growth Modifier: 100%
[16:27:12] [Server thread/INFO]: Entity Activation Range: An 32 / Mo 32 / Mi 16
[16:27:12] [Server thread/INFO]: Entity Tracking Range: Pl 48 / An 48 / Mo 48 / Mi 32 / Other 64
[16:27:12] [Server thread/INFO]: Hopper Transfer: 8 Hopper Check: 8 Hopper Amount: 1
[16:27:12] [Server thread/INFO]: Random Lighting Updates: false
[16:27:12] [Server thread/INFO]: Structure Info Saving: true
[16:27:12] [Server thread/INFO]: Sending up to 10 chunks per packet
[16:27:12] [Server thread/INFO]: Max Entity Collisions: 8
[16:27:12] [Server thread/INFO]: Custom Map Seeds:  Village: 10387312 Feature: 14357617
[16:27:12] [Server thread/INFO]: Max TNT Explosions: 100
[16:27:12] [Server thread/INFO]: Tile Max Tick Time: 50ms Entity max Tick Time: 50ms
[16:27:12] [Server thread/INFO]: Item Despawn Rate: 6000
[16:27:12] [Server thread/INFO]: Item Merge Radius: 2.5
[16:27:12] [Server thread/INFO]: Arrow Despawn Rate: 1200
[16:27:12] [Server thread/INFO]: Allow Zombie Pigmen to spawn from portal blocks: true
[16:27:12] [Server thread/INFO]: Zombie Aggressive Towards Villager: true
[16:27:12] [Server thread/INFO]: View Distance: 4
[16:27:12] [Server thread/INFO]: Chunks to Grow per Tick: 650
[16:27:12] [Server thread/INFO]: Clear tick list: false
[16:27:12] [Server thread/INFO]: Experience Merge Radius: 3.0
[16:27:12] [Server thread/INFO]: -------- World Settings For [world_nether] --------
[16:27:12] [Server thread/INFO]: Squids will spawn between Y: 45.0 and Y: 63.0
[16:27:12] [Server thread/INFO]: Max height for cactus growth 3. Max height for reed growth 3
[16:27:12] [Server thread/INFO]: Living Entity Despawn Ranges:  Soft: 32 Hard: 128
[16:27:12] [Server thread/INFO]: Remove invalid mob spawner tile entities: true
[16:27:12] [Server thread/INFO]: Player blocking damage multiplier set to 0.5
[16:27:12] [Server thread/INFO]: Water over lava flow speed: 5
[16:27:12] [Server thread/INFO]: Fix TNT cannons: false
[16:27:12] [Server thread/INFO]: Allow undead horse types to be leashed: false
[16:27:12] [Server thread/INFO]: Keep spawn chunk loaded: true
[16:27:12] [Server thread/INFO]: World async lighting: false
[16:27:12] [Server thread/INFO]: WorldServer TickNextTick cap set at 10000
[16:27:12] [Server thread/INFO]: WorldServer TickNextTickList cap always processes redstone: false
[16:27:12] [Server thread/INFO]: -------- World Settings For [world_the_end] --------
[16:27:12] [Server thread/INFO]: Mob Spawn Range: 4
[16:27:12] [Server thread/INFO]: Nerfing mobs spawned from spawners: false
[16:27:12] [Server thread/INFO]: Anti X-Ray: true
[16:27:12] [Server thread/INFO]: 	Engine Mode: 1
[16:27:12] [Server thread/INFO]: 	Hidden Blocks: [14, 15, 16, 21, 48, 49, 54, 56, 73, 74, 82, 129, 130]
[16:27:12] [Server thread/INFO]: 	Replace Blocks: [1, 5]
[16:27:12] [Server thread/INFO]: Cactus Growth Modifier: 100%
[16:27:12] [Server thread/INFO]: Cane Growth Modifier: 100%
[16:27:12] [Server thread/INFO]: Melon Growth Modifier: 100%
[16:27:12] [Server thread/INFO]: Mushroom Growth Modifier: 100%
[16:27:12] [Server thread/INFO]: Pumpkin Growth Modifier: 100%
[16:27:12] [Server thread/INFO]: Sapling Growth Modifier: 100%
[16:27:12] [Server thread/INFO]: Wheat Growth Modifier: 100%
[16:27:12] [Server thread/INFO]: NetherWart Growth Modifier: 100%
[16:27:12] [Server thread/INFO]: Entity Activation Range: An 32 / Mo 32 / Mi 16
[16:27:12] [Server thread/INFO]: Entity Tracking Range: Pl 48 / An 48 / Mo 48 / Mi 32 / Other 64
[16:27:12] [Server thread/INFO]: Hopper Transfer: 8 Hopper Check: 8 Hopper Amount: 1
[16:27:12] [Server thread/INFO]: Random Lighting Updates: false
[16:27:12] [Server thread/INFO]: Structure Info Saving: true
[16:27:12] [Server thread/INFO]: Sending up to 10 chunks per packet
[16:27:12] [Server thread/INFO]: Max Entity Collisions: 8
[16:27:12] [Server thread/INFO]: Custom Map Seeds:  Village: 10387312 Feature: 14357617
[16:27:12] [Server thread/INFO]: Max TNT Explosions: 100
[16:27:12] [Server thread/INFO]: Tile Max Tick Time: 50ms Entity max Tick Time: 50ms
[16:27:12] [Server thread/INFO]: Item Despawn Rate: 6000
[16:27:12] [Server thread/INFO]: Item Merge Radius: 2.5
[16:27:12] [Server thread/INFO]: Arrow Despawn Rate: 1200
[16:27:12] [Server thread/INFO]: Allow Zombie Pigmen to spawn from portal blocks: true
[16:27:12] [Server thread/INFO]: Zombie Aggressive Towards Villager: true
[16:27:12] [Server thread/INFO]: View Distance: 4
[16:27:12] [Server thread/INFO]: Chunks to Grow per Tick: 650
[16:27:12] [Server thread/INFO]: Clear tick list: false
[16:27:12] [Server thread/INFO]: Experience Merge Radius: 3.0
[16:27:12] [Server thread/INFO]: -------- World Settings For [world_the_end] --------
[16:27:12] [Server thread/INFO]: Squids will spawn between Y: 45.0 and Y: 63.0
[16:27:12] [Server thread/INFO]: Max height for cactus growth 3. Max height for reed growth 3
[16:27:12] [Server thread/INFO]: Living Entity Despawn Ranges:  Soft: 32 Hard: 128
[16:27:12] [Server thread/INFO]: Remove invalid mob spawner tile entities: true
[16:27:12] [Server thread/INFO]: Player blocking damage multiplier set to 0.5
[16:27:12] [Server thread/INFO]: Water over lava flow speed: 5
[16:27:12] [Server thread/INFO]: Fix TNT cannons: false
[16:27:12] [Server thread/INFO]: Allow undead horse types to be leashed: false
[16:27:12] [Server thread/INFO]: Keep spawn chunk loaded: true
[16:27:12] [Server thread/INFO]: World async lighting: false
[16:27:12] [Server thread/INFO]: WorldServer TickNextTick cap set at 10000
[16:27:12] [Server thread/INFO]: WorldServer TickNextTickList cap always processes redstone: false
[16:27:12] [Server thread/INFO]: Preparing start region for level 0 (Seed: -3328838260902254823)
[16:27:13] [Server thread/INFO]: Preparing spawn area: 34%
[16:27:14] [Server thread/INFO]: Preparing spawn area: 93%
[16:27:14] [Server thread/INFO]: Preparing start region for level 1 (Seed: 5984869356253289500)
[16:27:15] [Server thread/INFO]: Preparing spawn area: 19%
[16:27:16] [Server thread/INFO]: Preparing spawn area: 89%
[16:27:16] [Server thread/INFO]: Preparing start region for level 2 (Seed: 5984869356253289500)
[16:27:16] [Server thread/INFO]: [SimpleTpa] Enabling SimpleTpa v6.4
[16:27:16] [Server thread/INFO]: [0;33;1m[21m[SimpleTpa] If you need support contact me at https://discord.gg/SZUkza9[m

[16:27:16] [Server thread/INFO]: [0;33;1m[21m[SimpleTpa] Simple Tpa has been enabled on version 6.4[m

[16:27:16] [Server thread/INFO]: Enabled metrics. You may opt-out by changing plugins/bStats/config.yml
[16:27:16] [Server thread/INFO]: [SimpleHomes] Enabling SimpleHomes v2.2
[16:27:16] [Server thread/INFO]: [WorldEdit] Enabling WorldEdit v6.1;no_git_id
[16:27:17] [Server thread/INFO]: WEPIF: Using the Bukkit Permissions API.
[16:27:17] [Server thread/INFO]: [WorldEdit] Using com.sk89q.worldedit.bukkit.adapter.impl.Spigot_v1_8_R3 as the Bukkit adapter
[16:27:17] [Server thread/INFO]: [MClans] Enabling MClans v1.0.1
[16:27:17] [Server thread/INFO]: Config.YML Not Found!

[16:27:17] [Server thread/INFO]: Players.YML Not Found!

[16:27:17] [Server thread/INFO]: Teams.YML Not Found!

[16:27:17] [Server thread/INFO]: Areas.YML Not Found!

[16:27:17] [Server thread/INFO]: BlacklistAreas.YML Not Found!

[16:27:17] [Server thread/INFO]: MClans version 1.0.1 is enabled!

[16:27:17] [Server thread/INFO]: [Essentials] Enabling Essentials v2.0.1-b276
[16:27:17] [Server thread/INFO]: Using locale en
[16:27:17] [Server thread/INFO]: [Essentials] Using 1.8.3+ BlockStateMeta provider as spawner provider.
[16:27:18] [Server thread/INFO]: Using locale en
[16:27:18] [Server thread/INFO]: [Essentials] Starting Metrics. Opt-out using the global PluginMetrics config.
[16:27:18] [Server thread/INFO]: [Essentials] Using config file enhanced permissions.
[16:27:18] [Server thread/INFO]: [Essentials] Permissions listed in as player-commands will be given to all users.
[16:27:18] [Server thread/INFO]: [LoginSecurity] Enabling LoginSecurity v3.2.0
[16:27:18] [Server thread/INFO]: [LoginSecurity] Loading base translations from "en_us"
[16:27:18] [Server thread/INFO]: [LoginSecurity] Loading specified translations from "en_us"
[16:27:18] [Server thread/INFO]: [LoginSecurity] Registering commands...
[16:27:18] [Server thread/INFO]: [LoginSecurity] Registering listeners...
[16:27:18] [Server thread/INFO]: [Essentials] Using config file enhanced permissions.
[16:27:18] [Server thread/INFO]: [Essentials] Permissions listed in as player-commands will be given to all users.
[16:27:18] [Server thread/INFO]: [WorldGuard] Enabling WorldGuard v6.1.3-SNAPSHOT;c904242
[16:27:18] [Server thread/INFO]: [WorldGuard] (world) TNT ignition is PERMITTED.
[16:27:18] [Server thread/INFO]: [WorldGuard] (world) Lighters are PERMITTED.
[16:27:18] [Server thread/INFO]: [WorldGuard] (world) Lava fire is blocked.
[16:27:18] [Server thread/INFO]: [WorldGuard] (world) Fire spread is UNRESTRICTED.
[16:27:18] [Server thread/INFO]: [WorldGuard] Loaded configuration for world 'world'
[16:27:18] [Server thread/INFO]: [WorldGuard] (world_nether) TNT ignition is PERMITTED.
[16:27:18] [Server thread/INFO]: [WorldGuard] (world_nether) Lighters are PERMITTED.
[16:27:18] [Server thread/INFO]: [WorldGuard] (world_nether) Lava fire is blocked.
[16:27:18] [Server thread/INFO]: [WorldGuard] (world_nether) Fire spread is UNRESTRICTED.
[16:27:18] [Server thread/INFO]: [WorldGuard] Loaded configuration for world 'world_nether'
[16:27:18] [Server thread/INFO]: [WorldGuard] (world_the_end) TNT ignition is PERMITTED.
[16:27:18] [Server thread/INFO]: [WorldGuard] (world_the_end) Lighters are PERMITTED.
[16:27:18] [Server thread/INFO]: [WorldGuard] (world_the_end) Lava fire is blocked.
[16:27:18] [Server thread/INFO]: [WorldGuard] (world_the_end) Fire spread is UNRESTRICTED.
[16:27:18] [Server thread/INFO]: [WorldGuard] Loaded configuration for world 'world_the_end'
[16:27:18] [Server thread/INFO]: [WorldGuard] Loading region data...
[16:27:19] [Server thread/INFO]: [Essentials] Using config file enhanced permissions.
[16:27:19] [Server thread/INFO]: [Essentials] Permissions listed in as player-commands will be given to all users.
[16:27:19] [Server thread/WARN]: Server permissions file permissions.yml is not valid YAML.
java.lang.ClassCastException: class java.lang.String cannot be cast to class java.util.Map (java.lang.String and java.util.Map are in module java.base of loader 'bootstrap')
	at org.bukkit.craftbukkit.v1_8_R3.CraftServer.loadCustomPermissions(CraftServer.java:802) ~[patched_1.8.8.jar:git-PaperSpigot-445]
	at org.bukkit.craftbukkit.v1_8_R3.CraftServer.enablePlugins(CraftServer.java:329) ~[patched_1.8.8.jar:git-PaperSpigot-445]
	at net.minecraft.server.v1_8_R3.MinecraftServer.s(MinecraftServer.java:408) ~[patched_1.8.8.jar:git-PaperSpigot-445]
	at net.minecraft.server.v1_8_R3.MinecraftServer.k(MinecraftServer.java:372) ~[patched_1.8.8.jar:git-PaperSpigot-445]
	at net.minecraft.server.v1_8_R3.MinecraftServer.a(MinecraftServer.java:327) ~[patched_1.8.8.jar:git-PaperSpigot-445]
	at net.minecraft.server.v1_8_R3.DedicatedServer.init(DedicatedServer.java:267) ~[patched_1.8.8.jar:git-PaperSpigot-445]
	at net.minecraft.server.v1_8_R3.MinecraftServer.run(MinecraftServer.java:563) ~[patched_1.8.8.jar:git-PaperSpigot-445]
	at java.lang.Thread.run(Thread.java:1583) [?:?]
[16:27:19] [Server thread/INFO]: Done (7.552s)! For help, type "help" or "?"
[16:27:19] [Server thread/INFO]: Timings Reset
[16:27:20] [Server thread/INFO]: Unknown command. Type "/help" for help.[m

[16:27:22] [Craft Scheduler Thread - 0/INFO]: [0;31;1m[21m[SimpleTpa] There is a new update available.[m

[16:27:22] [Craft Scheduler Thread - 0/INFO]: [0;31;1m[SimpleTpa] There is a new update available:[m

[16:27:22] [Craft Scheduler Thread - 0/INFO]: [0;31;1m[SimpleTpa] https://www.spigotmc.org/resources/simple-tpa.64270/[m

[16:30:04] [Thread-8/INFO]: UUID of player Phygi_64 is 0ff89696-9d9a-34b0-996d-c9115a4146d0
[16:30:04] [Server thread/INFO]: Phygi_64[/[0:0:0:0:0:0:0:1]:36976] logged in with entity id 256 at ([world]129.09997196814572, 63.0, -230.96596970490077)
[16:30:19] [Server thread/INFO]: Phygi_64 issued server command: /f
[16:30:24] [Server thread/INFO]: Phygi_64 issued server command: /help
[16:30:38] [Server thread/INFO]: Phygi_64 issued server command: /help mclans
[16:30:44] [Server thread/INFO]: Phygi_64 issued server command: /team
[16:30:50] [Server thread/INFO]: Phygi_64 issued server command: /team
[16:31:01] [Server thread/INFO]: Phygi_64 issued server command: /capture
[16:31:04] [Server thread/INFO]: [0;31;22mPhygi_64[m [0;37;1m: z[m

[16:31:47] [Server thread/INFO]: Phygi_64 issued server command: /t create
[16:31:55] [Server thread/INFO]: Phygi_64 issued server command: /team create
[16:32:32] [Server thread/INFO]: Phygi_64 issued server command: /create team
[16:34:03] [Server thread/INFO]: Phygi_64 lost connection: Disconnected
[16:34:03] [Server thread/INFO]: Phygi_64 left the game.
[16:34:09] [Server thread/INFO]: Stopping the server
[16:34:09] [Server thread/INFO]: Stopping server
[16:34:09] [Server thread/INFO]: [WorldGuard] Disabling WorldGuard v6.1.3-SNAPSHOT;c904242
[16:34:09] [Server thread/INFO]: [WorldGuard] Shutting down executor and waiting for any pending tasks...
[16:34:09] [Server thread/INFO]: [LoginSecurity] Disabling LoginSecurity v3.2.0
[16:34:09] [Server thread/INFO]: [LoginSecurity] Waiting for queued tasks...
[16:34:09] [Server thread/INFO]: [LoginSecurity] ExecutorService shut down, ready to disable.
[16:34:09] [Server thread/INFO]: [Essentials] Disabling Essentials v2.0.1-b276
[16:34:09] [Server thread/INFO]: [MClans] Disabling MClans v1.0.1
[16:34:09] [Server thread/INFO]: Clans disabled.
[16:34:09] [Server thread/INFO]: [WorldEdit] Disabling WorldEdit v6.1;no_git_id
[16:34:09] [Server thread/INFO]: [SimpleHomes] Disabling SimpleHomes v2.2
[16:34:09] [Server thread/INFO]: [SimpleTpa] Disabling SimpleTpa v6.4
[16:34:09] [Server thread/INFO]: [0;36;1m[21m[SimpleTpa] If you need support contact me at https://discord.gg/SZUkza9[m

[16:34:09] [Server thread/INFO]: [0;36;1m[21m[SimpleTpa] Simple Tpa has been disabled on version 6.4[m

[16:34:09] [Server thread/INFO]: Saving players
[16:34:09] [Server thread/INFO]: Saving worlds
[16:34:09] [Server thread/INFO]: Saving chunks for level 'world'/Overworld
[16:34:10] [Server thread/INFO]: Saving chunks for level 'world_nether'/Nether
[16:34:10] [Server thread/INFO]: Saving chunks for level 'world_the_end'/The End
