[11:40:48] [main/INFO]: Using mbed TLS based native cipher.
[11:40:48] [main/INFO]: Using zlib based native compressor.
[11:40:48] [main/INFO]: Enabled Waterfall version git:Waterfall-Bootstrap:1.21-R0.1-SNAPSHOT:de8345a:579
[11:40:48] [main/WARN]: Waterfall has reached end of life and is no longer maintained. We recommend you transition to Velocity (https://papermc.io/software/velocity). For more information, see the announcement (https://forums.papermc.io/threads/1088/).
[11:40:48] [main/INFO]: Not on Windows, attempting to use enhanced EpollEventLoop
[11:40:48] [main/INFO]: Epoll is working, utilising it!
[11:40:48] [main/INFO]: Discovered module: ModuleSpec(name=cmd_alert, file=modules/cmd_alert.jar, provider=JenkinsModuleSource())
[11:40:48] [main/INFO]: Discovered module: ModuleSpec(name=cmd_find, file=modules/cmd_find.jar, provider=JenkinsModuleSource())
[11:40:48] [main/INFO]: Discovered module: ModuleSpec(name=cmd_list, file=modules/cmd_list.jar, provider=JenkinsModuleSource())
[11:40:48] [main/INFO]: Discovered module: ModuleSpec(name=cmd_send, file=modules/cmd_send.jar, provider=JenkinsModuleSource())
[11:40:48] [main/INFO]: Discovered module: ModuleSpec(name=cmd_server, file=modules/cmd_server.jar, provider=JenkinsModuleSource())
[11:40:48] [main/INFO]: Discovered module: ModuleSpec(name=reconnect_yaml, file=modules/reconnect_yaml.jar, provider=JenkinsModuleSource())
[11:40:49] [main/INFO]: Loaded plugin reconnect_yaml version git:reconnect_yaml:1.21-R0.1-SNAPSHOT:de8345a:579 by WaterfallMC
[11:40:49] [main/INFO]: Loaded plugin cmd_find version git:cmd_find:1.21-R0.1-SNAPSHOT:de8345a:579 by WaterfallMC
[11:40:49] [main/INFO]: Loaded plugin cmd_server version git:cmd_server:1.21-R0.1-SNAPSHOT:de8345a:579 by WaterfallMC
[11:40:49] [main/INFO]: Loaded plugin cmd_alert version git:cmd_alert:1.21-R0.1-SNAPSHOT:de8345a:579 by WaterfallMC
[11:40:49] [main/INFO]: Loaded plugin cmd_send version git:cmd_send:1.21-R0.1-SNAPSHOT:de8345a:579 by WaterfallMC
[11:40:49] [main/INFO]: Loaded plugin cmd_list version git:cmd_list:1.21-R0.1-SNAPSHOT:de8345a:579 by WaterfallMC
[11:40:49] [main/WARN]: :>:>:>:>:>:>:>:>:>:>:>:>:>:>:>:>:>:>:>:>:>:>:>
[11:40:49] [main/WARN]: :>  
[11:40:49] [main/WARN]: :>      EAGLERCRAFTXBUNGEE WARNING:
[11:40:49] [main/WARN]: :>  
[11:40:49] [main/WARN]: :>  This plugin wasn't tested to be 'working'
[11:40:49] [main/WARN]: :>  with ANY version of BungeeCord (and forks)
[11:40:49] [main/WARN]: :>  apart from the versions listed below:
[11:40:49] [main/WARN]: :>  
[11:40:49] [main/WARN]: :>  - BungeeCord: 1.21-R0.1-SNAPSHOT:acb85e3:1871
[11:40:49] [main/WARN]: :>  - Waterfall: 1.21-R0.1-SNAPSHOT:de8345a:579
[11:40:49] [main/WARN]: :>  
[11:40:49] [main/WARN]: :>  This is not a Bukkit/Spigot plugin!
[11:40:49] [main/WARN]: :>  
[11:40:49] [main/WARN]: :>  Use "-Deaglerxbungee.stfu=true" to hide
[11:40:49] [main/WARN]: :>  
[11:40:49] [main/WARN]: :>:>:>:>:>:>:>:>:>:>:>:>:>:>:>:>:>:>:>:>:>:>:>
[11:40:49] [main/INFO] [EaglercraftXBungee]: Loading vanilla profile: lax1dude
[11:40:50] [Skin Download Thread #1/INFO] [EaglercraftXBungee]: Loaded vanilla profile: lax1dude
[11:40:50] [main/INFO]: Loaded plugin EaglercraftXBungee version 1.3.1 by lax1dude
[11:40:50] [main/WARN]: Forced host server pvp is not defined
[11:40:50] [main/INFO]: Enabled plugin reconnect_yaml version git:reconnect_yaml:1.21-R0.1-SNAPSHOT:de8345a:579 by WaterfallMC
[11:40:50] [main/INFO]: Enabled plugin cmd_find version git:cmd_find:1.21-R0.1-SNAPSHOT:de8345a:579 by WaterfallMC
[11:40:50] [main/INFO]: Enabled plugin cmd_server version git:cmd_server:1.21-R0.1-SNAPSHOT:de8345a:579 by WaterfallMC
[11:40:50] [main/INFO]: Enabled plugin cmd_alert version git:cmd_alert:1.21-R0.1-SNAPSHOT:de8345a:579 by WaterfallMC
[11:40:50] [main/INFO]: Enabled plugin cmd_send version git:cmd_send:1.21-R0.1-SNAPSHOT:de8345a:579 by WaterfallMC
[11:40:50] [main/INFO]: Enabled plugin cmd_list version git:cmd_list:1.21-R0.1-SNAPSHOT:de8345a:579 by WaterfallMC
[11:40:51] [main/ERROR] [EaglercraftXBungee]: Online mode is set to false! Authentication system has been disabled
[11:40:51] [Netty Boss IO Thread #0/INFO] [EaglercraftXBungee]: Eaglercraft is listening on: /0.0.0.0:8081
[11:40:51] [main/INFO] [EaglercraftXBungee]: Connected to database: jdbc:sqlite:eaglercraft_skins_cache.db
[11:40:52] [main/INFO] [EaglercraftXBungee]: Voice chat disabled, add "allow_voice: true" to your listeners to enable
[11:40:52] [main/INFO]: Enabled plugin EaglercraftXBungee version 1.3.1 by lax1dude
[11:40:52] [Netty Boss IO Thread #1/INFO]: Listening on /127.0.0.1:25577
[11:42:00] [Netty Worker IO Thread #0/WARN] [EaglercraftXBungee]: Server icon is not a file: /workspaces/SchoolPvP/bungee/server-icon.png
[11:42:03] [Netty Worker IO Thread #1/INFO] [EaglercraftXBungee]: [/[0:0:0:0:0:0:0:1%0]:39408]: Connected via websocket
[11:42:03] [Netty Worker IO Thread #1/INFO] [EaglercraftXBungee]: [/[0:0:0:0:0:0:0:1%0]:39408]: Origin header is https://eaglercraft.com
[11:42:03] [Netty Worker IO Thread #1/INFO] [EaglercraftXBungee]: [/[0:0:0:0:0:0:0:1%0]:39408]: Logged in as 'Phygi_64'
[11:42:03] [Netty Worker IO Thread #1/INFO]: [/[0:0:0:0:0:0:0:1%0]:39408|Phygi_64] -> UpstreamBridge has connected
[11:42:03] [Netty Worker IO Thread #1/INFO]: [Phygi_64|/[0:0:0:0:0:0:0:1%0]:39408] <-> ServerConnector [lobby] has connected
[11:49:25] [Netty Worker IO Thread #1/INFO]: [/[0:0:0:0:0:0:0:1%0]:39408|Phygi_64] -> UpstreamBridge has disconnected
[11:49:25] [Netty Worker IO Thread #1/INFO]: [Phygi_64] disconnected with: Proxy lost connection to server.
[11:49:25] [Netty Worker IO Thread #1/INFO]: [/[0:0:0:0:0:0:0:1%0]:39408|Phygi_64] <-> DownstreamBridge <-> [lobby] has disconnected
